AudioServiceApp/ServiceWithIPCService/app/build/intermediates/manifest_merge_blame_file/debug/manifest-merger-blame-debug-report.txt
1<?xml version="1.0" encoding="utf-8"?>
2<manifest xmlns:android="http://schemas.android.com/apk/res/android"
3    package="course.examples.Services.KeyService"
4    android:versionCode="1"
5    android:versionName="1.0" >
6
7    <uses-sdk
8        android:minSdkVersion="26"
8-->src/main/AndroidManifest.xml
9        android:targetSdkVersion="34" />
9-->src/main/AndroidManifest.xml
10
11    <uses-permission android:name="android.permission.FOREGROUND_SERVICE" />
11-->src/main/AndroidManifest.xml:8:5-77
11-->src/main/AndroidManifest.xml:8:22-74
12    <uses-permission android:name="android.permission.FOREGROUND_SERVICE_MEDIA_PLAYBACK" />
12-->src/main/AndroidManifest.xml:9:5-92
12-->src/main/AndroidManifest.xml:9:22-89
13
14    <permission
14-->src/main/AndroidManifest.xml:11:5-15:18
15        android:name="course.examples.Services.KeyService.GEN_ID"
15-->src/main/AndroidManifest.xml:12:9-66
16        android:label="Allow requesting unique key"
16-->src/main/AndroidManifest.xml:14:9-52
17        android:protectionLevel="dangerous" >
17-->src/main/AndroidManifest.xml:13:9-44
18    </permission>
19    <permission
19-->[androidx.core:core:1.9.0] AndroidManifest.xml:22:5-24:47
20        android:name="course.examples.Services.KeyService.DYNAMIC_RECEIVER_NOT_EXPORTED_PERMISSION"
20-->[androidx.core:core:1.9.0] AndroidManifest.xml:23:9-81
21        android:protectionLevel="signature" />
21-->[androidx.core:core:1.9.0] AndroidManifest.xml:24:9-44
22
23    <uses-permission android:name="course.examples.Services.KeyService.DYNAMIC_RECEIVER_NOT_EXPORTED_PERMISSION" />
23-->[androidx.core:core:1.9.0] AndroidManifest.xml:26:5-97
23-->[androidx.core:core:1.9.0] AndroidManifest.xml:26:22-94
24
25    <application
25-->src/main/AndroidManifest.xml:17:5-41:19
26        android:appComponentFactory="androidx.core.app.CoreComponentFactory"
26-->[androidx.core:core:1.9.0] AndroidManifest.xml:28:18-86
27        android:debuggable="true"
28        android:extractNativeLibs="false"
29        android:icon="@drawable/ic_launcher"
29-->src/main/AndroidManifest.xml:18:9-45
30        android:testOnly="true"
31        android:theme="@style/Theme.AppCompat.Light" >
31-->src/main/AndroidManifest.xml:19:9-53
32        <activity
32-->src/main/AndroidManifest.xml:21:9-29:20
33            android:name="course.examples.Services.KeyService.KeyGeneratorActivity"
33-->src/main/AndroidManifest.xml:22:13-49
34            android:exported="true"
34-->src/main/AndroidManifest.xml:24:13-36
35            android:label="ClipServer" >
35-->src/main/AndroidManifest.xml:23:13-39
36            <intent-filter>
36-->src/main/AndroidManifest.xml:25:13-28:29
37                <action android:name="android.intent.action.MAIN" />
37-->src/main/AndroidManifest.xml:26:17-69
37-->src/main/AndroidManifest.xml:26:25-66
38
39                <category android:name="android.intent.category.LAUNCHER" />
39-->src/main/AndroidManifest.xml:27:17-77
39-->src/main/AndroidManifest.xml:27:27-74
40            </intent-filter>
41        </activity>
42
43        <service
43-->src/main/AndroidManifest.xml:31:9-39:19
44            android:name="course.examples.Services.KeyService.KeyGeneratorImpl"
44-->src/main/AndroidManifest.xml:32:13-45
45            android:exported="true"
45-->src/main/AndroidManifest.xml:34:13-36
46            android:foregroundServiceType="mediaPlayback" >
46-->src/main/AndroidManifest.xml:33:13-58
47            <intent-filter>
47-->src/main/AndroidManifest.xml:36:13-38:29
48                <action android:name="course.examples.Services.KeyCommon.KeyGenerator" />
48-->src/main/AndroidManifest.xml:37:17-90
48-->src/main/AndroidManifest.xml:37:25-87
49            </intent-filter>
50        </service>
51
52        <provider
52-->[androidx.emoji2:emoji2:1.2.0] AndroidManifest.xml:24:9-32:20
53            android:name="androidx.startup.InitializationProvider"
53-->[androidx.emoji2:emoji2:1.2.0] AndroidManifest.xml:25:13-67
54            android:authorities="course.examples.Services.KeyService.androidx-startup"
54-->[androidx.emoji2:emoji2:1.2.0] AndroidManifest.xml:26:13-68
55            android:exported="false" >
55-->[androidx.emoji2:emoji2:1.2.0] AndroidManifest.xml:27:13-37
56            <meta-data
56-->[androidx.emoji2:emoji2:1.2.0] AndroidManifest.xml:29:13-31:52
57                android:name="androidx.emoji2.text.EmojiCompatInitializer"
57-->[androidx.emoji2:emoji2:1.2.0] AndroidManifest.xml:30:17-75
58                android:value="androidx.startup" />
58-->[androidx.emoji2:emoji2:1.2.0] AndroidManifest.xml:31:17-49
59            <meta-data
59-->[androidx.lifecycle:lifecycle-process:2.4.1] AndroidManifest.xml:31:13-33:52
60                android:name="androidx.lifecycle.ProcessLifecycleInitializer"
60-->[androidx.lifecycle:lifecycle-process:2.4.1] AndroidManifest.xml:32:17-78
61                android:value="androidx.startup" />
61-->[androidx.lifecycle:lifecycle-process:2.4.1] AndroidManifest.xml:33:17-49
62        </provider>
63    </application>
64
65</manifest>